{
  "RSpec": {
    "coverage": {
      "/Users/kalpesh.dave/Project/request_tracker/spec/controllers/catch_all_controller_spec.rb": [
        1,
        null,
        1,
        1,
        1,
        1,
        1,
        1,
        null,
        null,
        1,
        1,
        1,
        1,
        null,
        null,
        1,
        1,
        1,
        1,
        null,
        null,
        null,
        null
      ],
      "/Users/kalpesh.dave/Project/request_tracker/spec/rails_helper.rb": [
        null,
        1,
        1,
        1,
        null,
        1,
        1,
        null,
        null,
        null,
        null,
        null,
        null,
        null,
        null,
        null,
        null,
        null,
        null,
        null,
        null,
        null,
        null,
        null,
        null,
        null,
        1,
        1,
        null,
        0,
        0,
        null,
        1,
        null,
        1,
        null,
        null,
        null,
        null,
        1,
        null,
        null,
        null,
        null,
        null,
        null,
        null,
        null,
        null,
        null,
        null,
        null,
        null,
        null,
        1,
        null,
        null,
        1,
        null,
        null,
        null,
        1,
        1,
        1,
        1,
        null,
        null,
        null
      ],
      "/Users/kalpesh.dave/Project/request_tracker/config/environment.rb": [
        null,
        1,
        null,
        null,
        1
      ],
      "/Users/kalpesh.dave/Project/request_tracker/config/application.rb": [
        1,
        null,
        1,
        null,
        null,
        null,
        1,
        null,
        1,
        1,
        null,
        1,
        null,
        null,
        null,
        null,
        null,
        1,
        null,
        null
      ],
      "/Users/kalpesh.dave/Project/request_tracker/config/boot.rb": [
        1,
        null,
        1,
        1
      ],
      "/Users/kalpesh.dave/Project/request_tracker/config/environments/test.rb": [
        1,
        null,
        null,
        null,
        null,
        null,
        null,
        1,
        null,
        null,
        null,
        null,
        1,
        null,
        null,
        1,
        1,
        null,
        null,
        null,
        null,
        1,
        1,
        null,
        null,
        1,
        null,
        null,
        1,
        null,
        null,
        1,
        null,
        1,
        null,
        null,
        null,
        null,
        1,
        null,
        null,
        1,
        null,
        null,
        null,
        null
      ],
      "/Users/kalpesh.dave/Project/request_tracker/config/initializers/application_controller_renderer.rb": [
        null,
        null,
        null,
        null,
        null,
        null,
        null,
        null
      ],
      "/Users/kalpesh.dave/Project/request_tracker/config/initializers/assets.rb": [
        null,
        null,
        null,
        1,
        null,
        null,
        null,
        null,
        1,
        null,
        null,
        null,
        null,
        null
      ],
      "/Users/kalpesh.dave/Project/request_tracker/config/initializers/backtrace_silencers.rb": [
        null,
        null,
        null,
        null,
        null,
        null,
        null
      ],
      "/Users/kalpesh.dave/Project/request_tracker/config/initializers/content_security_policy.rb": [
        null,
        null,
        null,
        null,
        null,
        null,
        null,
        null,
        null,
        null,
        null,
        null,
        null,
        null,
        null,
        null,
        null,
        null,
        null,
        null,
        null,
        null,
        null,
        null,
        null
      ],
      "/Users/kalpesh.dave/Project/request_tracker/config/initializers/cookies_serializer.rb": [
        null,
        null,
        null,
        null,
        1
      ],
      "/Users/kalpesh.dave/Project/request_tracker/config/initializers/filter_parameter_logging.rb": [
        null,
        null,
        null,
        1
      ],
      "/Users/kalpesh.dave/Project/request_tracker/config/initializers/inflections.rb": [
        null,
        null,
        null,
        null,
        null,
        null,
        null,
        null,
        null,
        null,
        null,
        null,
        null,
        null,
        null,
        null
      ],
      "/Users/kalpesh.dave/Project/request_tracker/config/initializers/mime_types.rb": [
        null,
        null,
        null,
        null
      ],
      "/Users/kalpesh.dave/Project/request_tracker/config/initializers/wrap_parameters.rb": [
        null,
        null,
        null,
        null,
        null,
        null,
        1,
        2,
        null,
        null,
        null,
        null,
        null,
        null
      ],
      "/Users/kalpesh.dave/Project/request_tracker/spec/factories/pings.rb": [
        1,
        1,
        null,
        null,
        null
      ],
      "/Users/kalpesh.dave/Project/request_tracker/config/routes.rb": [
        1,
        null,
        1,
        1,
        1,
        1,
        null,
        null
      ],
      "/Users/kalpesh.dave/Project/request_tracker/app/helpers/application_helper.rb": [
        1,
        null
      ],
      "/Users/kalpesh.dave/Project/request_tracker/app/helpers/catch_all_helper.rb": [
        1,
        null
      ],
      "/Users/kalpesh.dave/Project/request_tracker/app/controllers/catch_all_controller.rb": [
        1,
        1,
        2,
        1,
        null,
        null,
        null,
        null,
        1,
        null,
        null,
        null,
        1,
        1,
        1,
        1,
        1,
        null,
        null
      ],
      "/Users/kalpesh.dave/Project/request_tracker/app/controllers/application_controller.rb": [
        1,
        null
      ],
      "/Users/kalpesh.dave/Project/request_tracker/spec/jobs/record_ping_job_spec.rb": [
        1,
        null,
        1,
        1,
        null,
        2,
        null,
        1,
        2,
        null,
        null,
        null,
        1,
        1,
        1,
        1,
        null,
        null,
        null,
        1,
        1,
        null,
        null
      ],
      "/Users/kalpesh.dave/Project/request_tracker/app/jobs/record_ping_job.rb": [
        1,
        1,
        null,
        1,
        0,
        null,
        0,
        0,
        0,
        0,
        0,
        0,
        null,
        null,
        null
      ],
      "/Users/kalpesh.dave/Project/request_tracker/app/jobs/application_job.rb": [
        1,
        null
      ],
      "/Users/kalpesh.dave/Project/request_tracker/spec/models/ping_spec.rb": [
        1,
        null,
        1,
        2,
        2,
        2,
        1,
        1,
        null,
        null,
        2,
        null
      ],
      "/Users/kalpesh.dave/Project/request_tracker/app/models/ping.rb": [
        1,
        1,
        1,
        null,
        null,
        null,
        1,
        null,
        null,
        null,
        1,
        1,
        null
      ],
      "/Users/kalpesh.dave/Project/request_tracker/app/models/application_record.rb": [
        1,
        1,
        null
      ]
    },
    "timestamp": 1555528008
  }
}
